# JRE version: OpenJDK Runtime Environment (7.0_55-b14) (build 1.7.0_55-b14)
# Java VM: OpenJDK 64-Bit Server VM (24.51-b03 mixed mode linux-amd64 compressed oops)
Heap
 PSYoungGen      total 267264K, used 468K [0x00000000eaa80000, 0x0000000100000000, 0x0000000100000000)
  eden space 223744K, 0% used [0x00000000eaa80000,0x00000000eaa80000,0x00000000f8500000)
  from space 43520K, 1% used [0x00000000fd580000,0x00000000fd5f53a8,0x0000000100000000)
  to   space 62976K, 0% used [0x00000000f8500000,0x00000000f8500000,0x00000000fc280000)
 ParOldGen       total 98304K, used 98225K [0x00000000c0000000, 0x00000000c6000000, 0x00000000eaa80000)
  object space 98304K, 99% used [0x00000000c0000000,0x00000000c5fec5b8,0x00000000c6000000)
 PSPermGen       total 21504K, used 19595K [0x00000000b5a00000, 0x00000000b6f00000, 0x00000000c0000000)
  object space 21504K, 91% used [0x00000000b5a00000,0x00000000b6d22f80,0x00000000b6f00000)
GC Heap History (10 events):
Event: 72.275 GC heap after
Heap after GC invocations=6 (full 0):
 PSYoungGen      total 144384K, used 10662K [0x00000000eaa80000, 0x00000000f4680000, 0x0000000100000000)
  eden space 133632K, 0% used [0x00000000eaa80000,0x00000000eaa80000,0x00000000f2d00000)
  from space 10752K, 99% used [0x00000000f3900000,0x00000000f4369978,0x00000000f4380000)
  to   space 12288K, 0% used [0x00000000f2d00000,0x00000000f2d00000,0x00000000f3900000)
 ParOldGen       total 87552K, used 14499K [0x00000000c0000000, 0x00000000c5580000, 0x00000000eaa80000)
  object space 87552K, 16% used [0x00000000c0000000,0x00000000c0e28ce8,0x00000000c5580000)
 PSPermGen       total 21504K, used 17249K [0x00000000b5a00000, 0x00000000b6f00000, 0x00000000c0000000)
  object space 21504K, 80% used [0x00000000b5a00000,0x00000000b6ad8720,0x00000000b6f00000)
}
Event: 87.879 GC heap before
{Heap before GC invocations=7 (full 0):
 PSYoungGen      total 144384K, used 144294K [0x00000000eaa80000, 0x00000000f4680000, 0x0000000100000000)
  eden space 133632K, 100% used [0x00000000eaa80000,0x00000000f2d00000,0x00000000f2d00000)
  from space 10752K, 99% used [0x00000000f3900000,0x00000000f4369978,0x00000000f4380000)
  to   space 12288K, 0% used [0x00000000f2d00000,0x00000000f2d00000,0x00000000f3900000)
 ParOldGen       total 87552K, used 14499K [0x00000000c0000000, 0x00000000c5580000, 0x00000000eaa80000)
  object space 87552K, 16% used [0x00000000c0000000,0x00000000c0e28ce8,0x00000000c5580000)
 PSPermGen       total 21504K, used 17411K [0x00000000b5a00000, 0x00000000b6f00000, 0x00000000c0000000)
  object space 21504K, 80% used [0x00000000b5a00000,0x00000000b6b00e50,0x00000000b6f00000)
Event: 88.062 GC heap after
Heap after GC invocations=7 (full 0):
 PSYoungGen      total 145920K, used 12284K [0x00000000eaa80000, 0x00000000fdf80000, 0x0000000100000000)
  eden space 133632K, 0% used [0x00000000eaa80000,0x00000000eaa80000,0x00000000f2d00000)
  from space 12288K, 99% used [0x00000000f2d00000,0x00000000f38ff360,0x00000000f3900000)
  to   space 24576K, 0% used [0x00000000fc780000,0x00000000fc780000,0x00000000fdf80000)
 ParOldGen       total 87552K, used 36933K [0x00000000c0000000, 0x00000000c5580000, 0x00000000eaa80000)
  object space 87552K, 42% used [0x00000000c0000000,0x00000000c2411498,0x00000000c5580000)
 PSPermGen       total 21504K, used 17411K [0x00000000b5a00000, 0x00000000b6f00000, 0x00000000c0000000)
  object space 21504K, 80% used [0x00000000b5a00000,0x00000000b6b00e50,0x00000000b6f00000)
}
Event: 107.514 GC heap before
{Heap before GC invocations=8 (full 0):
 PSYoungGen      total 145920K, used 145916K [0x00000000eaa80000, 0x00000000fdf80000, 0x0000000100000000)
  eden space 133632K, 100% used [0x00000000eaa80000,0x00000000f2d00000,0x00000000f2d00000)
  from space 12288K, 99% used [0x00000000f2d00000,0x00000000f38ff360,0x00000000f3900000)
  to   space 24576K, 0% used [0x00000000fc780000,0x00000000fc780000,0x00000000fdf80000)
 ParOldGen       total 87552K, used 36933K [0x00000000c0000000, 0x00000000c5580000, 0x00000000eaa80000)
  object space 87552K, 42% used [0x00000000c0000000,0x00000000c2411498,0x00000000c5580000)
 PSPermGen       total 21504K, used 17531K [0x00000000b5a00000, 0x00000000b6f00000, 0x00000000c0000000)
  object space 21504K, 81% used [0x00000000b5a00000,0x00000000b6b1ed60,0x00000000b6f00000)
Event: 107.726 GC heap after
Heap after GC invocations=8 (full 0):
 PSYoungGen      total 282112K, used 24565K [0x00000000eaa80000, 0x00000000ff280000, 0x0000000100000000)
  eden space 257536K, 0% used [0x00000000eaa80000,0x00000000eaa80000,0x00000000fa600000)
  from space 24576K, 99% used [0x00000000fc780000,0x00000000fdf7d518,0x00000000fdf80000)
  to   space 34304K, 0% used [0x00000000fa600000,0x00000000fa600000,0x00000000fc780000)
 ParOldGen       total 87552K, used 49226K [0x00000000c0000000, 0x00000000c5580000, 0x00000000eaa80000)
  object space 87552K, 56% used [0x00000000c0000000,0x00000000c30129d0,0x00000000c5580000)
 PSPermGen       total 21504K, used 17531K [0x00000000b5a00000, 0x00000000b6f00000, 0x00000000c0000000)
  object space 21504K, 81% used [0x00000000b5a00000,0x00000000b6b1ed60,0x00000000b6f00000)
}
Event: 137.908 GC heap before
{Heap before GC invocations=9 (full 0):
 PSYoungGen      total 282112K, used 282101K [0x00000000eaa80000, 0x00000000ff280000, 0x0000000100000000)
  eden space 257536K, 100% used [0x00000000eaa80000,0x00000000fa600000,0x00000000fa600000)
  from space 24576K, 99% used [0x00000000fc780000,0x00000000fdf7d518,0x00000000fdf80000)
  to   space 34304K, 0% used [0x00000000fa600000,0x00000000fa600000,0x00000000fc780000)
 ParOldGen       total 87552K, used 49226K [0x00000000c0000000, 0x00000000c5580000, 0x00000000eaa80000)
  object space 87552K, 56% used [0x00000000c0000000,0x00000000c30129d0,0x00000000c5580000)
 PSPermGen       total 21504K, used 17830K [0x00000000b5a00000, 0x00000000b6f00000, 0x00000000c0000000)
  object space 21504K, 82% used [0x00000000b5a00000,0x00000000b6b698a8,0x00000000b6f00000)
Event: 138.179 GC heap after
Heap after GC invocations=9 (full 0):
 PSYoungGen      total 291840K, used 34276K [0x00000000eaa80000, 0x0000000100000000, 0x0000000100000000)
  eden space 257536K, 0% used [0x00000000eaa80000,0x00000000eaa80000,0x00000000fa600000)
  from space 34304K, 99% used [0x00000000fa600000,0x00000000fc7791a0,0x00000000fc780000)
  to   space 43520K, 0% used [0x00000000fd580000,0x00000000fd580000,0x0000000100000000)
 ParOldGen       total 87552K, used 58610K [0x00000000c0000000, 0x00000000c5580000, 0x00000000eaa80000)
  object space 87552K, 66% used [0x00000000c0000000,0x00000000c393c9c8,0x00000000c5580000)
 PSPermGen       total 21504K, used 17830K [0x00000000b5a00000, 0x00000000b6f00000, 0x00000000c0000000)
  object space 21504K, 82% used [0x00000000b5a00000,0x00000000b6b698a8,0x00000000b6f00000)
}
Event: 375.908 GC heap before
{Heap before GC invocations=10 (full 0):
 PSYoungGen      total 291840K, used 291812K [0x00000000eaa80000, 0x0000000100000000, 0x0000000100000000)
  eden space 257536K, 100% used [0x00000000eaa80000,0x00000000fa600000,0x00000000fa600000)
  from space 34304K, 99% used [0x00000000fa600000,0x00000000fc7791a0,0x00000000fc780000)
  to   space 43520K, 0% used [0x00000000fd580000,0x00000000fd580000,0x0000000100000000)
 ParOldGen       total 87552K, used 58610K [0x00000000c0000000, 0x00000000c5580000, 0x00000000eaa80000)
  object space 87552K, 66% used [0x00000000c0000000,0x00000000c393c9c8,0x00000000c5580000)
 PSPermGen       total 21504K, used 20346K [0x00000000b5a00000, 0x00000000b6f00000, 0x00000000c0000000)
  object space 21504K, 94% used [0x00000000b5a00000,0x00000000b6ddeb80,0x00000000b6f00000)
Event: 377.213 GC heap after
Heap after GC invocations=10 (full 0):
 PSYoungGen      total 267264K, used 43513K [0x00000000eaa80000, 0x0000000100000000, 0x0000000100000000)
  eden space 223744K, 0% used [0x00000000eaa80000,0x00000000eaa80000,0x00000000f8500000)
  from space 43520K, 99% used [0x00000000fd580000,0x00000000ffffe530,0x0000000100000000)
  to   space 62976K, 0% used [0x00000000f8500000,0x00000000f8500000,0x00000000fc280000)
 ParOldGen       total 98304K, used 92835K [0x00000000c0000000, 0x00000000c6000000, 0x00000000eaa80000)
  object space 98304K, 94% used [0x00000000c0000000,0x00000000c5aa8c90,0x00000000c6000000)
 PSPermGen       total 21504K, used 20346K [0x00000000b5a00000, 0x00000000b6f00000, 0x00000000c0000000)
  object space 21504K, 94% used [0x00000000b5a00000,0x00000000b6ddeb80,0x00000000b6f00000)
}
Event: 377.575 GC heap before
{Heap before GC invocations=11 (full 1):
 PSYoungGen      total 267264K, used 43513K [0x00000000eaa80000, 0x0000000100000000, 0x0000000100000000)
  eden space 223744K, 0% used [0x00000000eaa80000,0x00000000eaa80000,0x00000000f8500000)
  from space 43520K, 99% used [0x00000000fd580000,0x00000000ffffe530,0x0000000100000000)
  to   space 62976K, 0% used [0x00000000f8500000,0x00000000f8500000,0x00000000fc280000)
 ParOldGen       total 98304K, used 92835K [0x00000000c0000000, 0x00000000c6000000, 0x00000000eaa80000)
  object space 98304K, 94% used [0x00000000c0000000,0x00000000c5aa8c90,0x00000000c6000000)
 PSPermGen       total 21504K, used 20346K [0x00000000b5a00000, 0x00000000b6f00000, 0x00000000c0000000)
  object space 21504K, 94% used [0x00000000b5a00000,0x00000000b6ddeb80,0x00000000b6f00000)

