# JRE version: OpenJDK Runtime Environment (7.0_55-b14) (build 1.7.0_55-b14)
# Java VM: OpenJDK 64-Bit Server VM (24.51-b03 mixed mode linux-amd64 compressed oops)
Heap
 PSYoungGen      total 275456K, used 10918K [0x00000000eaa80000, 0x0000000100000000, 0x0000000100000000)
  eden space 231936K, 0% used [0x00000000eaa80000,0x00000000eaa80000,0x00000000f8d00000)
  from space 43520K, 25% used [0x00000000fd580000,0x00000000fe029a58,0x0000000100000000)
  to   space 58880K, 0% used [0x00000000f8d00000,0x00000000f8d00000,0x00000000fc680000)
 ParOldGen       total 87552K, used 87349K [0x00000000c0000000, 0x00000000c5580000, 0x00000000eaa80000)
  object space 87552K, 99% used [0x00000000c0000000,0x00000000c554d7b8,0x00000000c5580000)
 PSPermGen       total 21504K, used 19600K [0x00000000b5a00000, 0x00000000b6f00000, 0x00000000c0000000)
  object space 21504K, 91% used [0x00000000b5a00000,0x00000000b6d24318,0x00000000b6f00000)
GC Heap History (10 events):
Event: 62.193 GC heap after
Heap after GC invocations=6 (full 0):
 PSYoungGen      total 144384K, used 10678K [0x00000000eaa80000, 0x00000000f4680000, 0x0000000100000000)
  eden space 133632K, 0% used [0x00000000eaa80000,0x00000000eaa80000,0x00000000f2d00000)
  from space 10752K, 99% used [0x00000000f3900000,0x00000000f436dbc8,0x00000000f4380000)
  to   space 12288K, 0% used [0x00000000f2d00000,0x00000000f2d00000,0x00000000f3900000)
 ParOldGen       total 87552K, used 14524K [0x00000000c0000000, 0x00000000c5580000, 0x00000000eaa80000)
  object space 87552K, 16% used [0x00000000c0000000,0x00000000c0e2f1f8,0x00000000c5580000)
 PSPermGen       total 21504K, used 17256K [0x00000000b5a00000, 0x00000000b6f00000, 0x00000000c0000000)
  object space 21504K, 80% used [0x00000000b5a00000,0x00000000b6ada330,0x00000000b6f00000)
}
Event: 72.819 GC heap before
{Heap before GC invocations=7 (full 0):
 PSYoungGen      total 144384K, used 144310K [0x00000000eaa80000, 0x00000000f4680000, 0x0000000100000000)
  eden space 133632K, 100% used [0x00000000eaa80000,0x00000000f2d00000,0x00000000f2d00000)
  from space 10752K, 99% used [0x00000000f3900000,0x00000000f436dbc8,0x00000000f4380000)
  to   space 12288K, 0% used [0x00000000f2d00000,0x00000000f2d00000,0x00000000f3900000)
 ParOldGen       total 87552K, used 14524K [0x00000000c0000000, 0x00000000c5580000, 0x00000000eaa80000)
  object space 87552K, 16% used [0x00000000c0000000,0x00000000c0e2f1f8,0x00000000c5580000)
 PSPermGen       total 21504K, used 17419K [0x00000000b5a00000, 0x00000000b6f00000, 0x00000000c0000000)
  object space 21504K, 81% used [0x00000000b5a00000,0x00000000b6b02f48,0x00000000b6f00000)
Event: 73.045 GC heap after
Heap after GC invocations=7 (full 0):
 PSYoungGen      total 145920K, used 12266K [0x00000000eaa80000, 0x00000000fdf80000, 0x0000000100000000)
  eden space 133632K, 0% used [0x00000000eaa80000,0x00000000eaa80000,0x00000000f2d00000)
  from space 12288K, 99% used [0x00000000f2d00000,0x00000000f38fa850,0x00000000f3900000)
  to   space 24576K, 0% used [0x00000000fc780000,0x00000000fc780000,0x00000000fdf80000)
 ParOldGen       total 87552K, used 37077K [0x00000000c0000000, 0x00000000c5580000, 0x00000000eaa80000)
  object space 87552K, 42% used [0x00000000c0000000,0x00000000c24354a0,0x00000000c5580000)
 PSPermGen       total 21504K, used 17419K [0x00000000b5a00000, 0x00000000b6f00000, 0x00000000c0000000)
  object space 21504K, 81% used [0x00000000b5a00000,0x00000000b6b02f48,0x00000000b6f00000)
}
Event: 84.916 GC heap before
{Heap before GC invocations=8 (full 0):
 PSYoungGen      total 145920K, used 145898K [0x00000000eaa80000, 0x00000000fdf80000, 0x0000000100000000)
  eden space 133632K, 100% used [0x00000000eaa80000,0x00000000f2d00000,0x00000000f2d00000)
  from space 12288K, 99% used [0x00000000f2d00000,0x00000000f38fa850,0x00000000f3900000)
  to   space 24576K, 0% used [0x00000000fc780000,0x00000000fc780000,0x00000000fdf80000)
 ParOldGen       total 87552K, used 37077K [0x00000000c0000000, 0x00000000c5580000, 0x00000000eaa80000)
  object space 87552K, 42% used [0x00000000c0000000,0x00000000c24354a0,0x00000000c5580000)
 PSPermGen       total 21504K, used 17539K [0x00000000b5a00000, 0x00000000b6f00000, 0x00000000c0000000)
  object space 21504K, 81% used [0x00000000b5a00000,0x00000000b6b20f90,0x00000000b6f00000)
Event: 85.175 GC heap after
Heap after GC invocations=8 (full 0):
 PSYoungGen      total 282624K, used 24553K [0x00000000eaa80000, 0x00000000ff180000, 0x0000000100000000)
  eden space 258048K, 0% used [0x00000000eaa80000,0x00000000eaa80000,0x00000000fa680000)
  from space 24576K, 99% used [0x00000000fc780000,0x00000000fdf7a7c8,0x00000000fdf80000)
  to   space 33792K, 0% used [0x00000000fa680000,0x00000000fa680000,0x00000000fc780000)
 ParOldGen       total 87552K, used 49226K [0x00000000c0000000, 0x00000000c5580000, 0x00000000eaa80000)
  object space 87552K, 56% used [0x00000000c0000000,0x00000000c3012b58,0x00000000c5580000)
 PSPermGen       total 21504K, used 17539K [0x00000000b5a00000, 0x00000000b6f00000, 0x00000000c0000000)
  object space 21504K, 81% used [0x00000000b5a00000,0x00000000b6b20f90,0x00000000b6f00000)
}
Event: 107.382 GC heap before
{Heap before GC invocations=9 (full 0):
 PSYoungGen      total 282624K, used 282601K [0x00000000eaa80000, 0x00000000ff180000, 0x0000000100000000)
  eden space 258048K, 100% used [0x00000000eaa80000,0x00000000fa680000,0x00000000fa680000)
  from space 24576K, 99% used [0x00000000fc780000,0x00000000fdf7a7c8,0x00000000fdf80000)
  to   space 33792K, 0% used [0x00000000fa680000,0x00000000fa680000,0x00000000fc780000)
 ParOldGen       total 87552K, used 49226K [0x00000000c0000000, 0x00000000c5580000, 0x00000000eaa80000)
  object space 87552K, 56% used [0x00000000c0000000,0x00000000c3012b58,0x00000000c5580000)
 PSPermGen       total 21504K, used 17805K [0x00000000b5a00000, 0x00000000b6f00000, 0x00000000c0000000)
  object space 21504K, 82% used [0x00000000b5a00000,0x00000000b6b635b8,0x00000000b6f00000)
Event: 107.590 GC heap after
Heap after GC invocations=9 (full 0):
 PSYoungGen      total 291840K, used 33786K [0x00000000eaa80000, 0x0000000100000000, 0x0000000100000000)
  eden space 258048K, 0% used [0x00000000eaa80000,0x00000000eaa80000,0x00000000fa680000)
  from space 33792K, 99% used [0x00000000fa680000,0x00000000fc77e9a8,0x00000000fc780000)
  to   space 43520K, 0% used [0x00000000fd580000,0x00000000fd580000,0x0000000100000000)
 ParOldGen       total 87552K, used 58707K [0x00000000c0000000, 0x00000000c5580000, 0x00000000eaa80000)
  object space 87552K, 67% used [0x00000000c0000000,0x00000000c3954db0,0x00000000c5580000)
 PSPermGen       total 21504K, used 17805K [0x00000000b5a00000, 0x00000000b6f00000, 0x00000000c0000000)
  object space 21504K, 82% used [0x00000000b5a00000,0x00000000b6b635b8,0x00000000b6f00000)
}
Event: 288.523 GC heap before
{Heap before GC invocations=10 (full 0):
 PSYoungGen      total 291840K, used 291834K [0x00000000eaa80000, 0x0000000100000000, 0x0000000100000000)
  eden space 258048K, 100% used [0x00000000eaa80000,0x00000000fa680000,0x00000000fa680000)
  from space 33792K, 99% used [0x00000000fa680000,0x00000000fc77e9a8,0x00000000fc780000)
  to   space 43520K, 0% used [0x00000000fd580000,0x00000000fd580000,0x0000000100000000)
 ParOldGen       total 87552K, used 58707K [0x00000000c0000000, 0x00000000c5580000, 0x00000000eaa80000)
  object space 87552K, 67% used [0x00000000c0000000,0x00000000c3954db0,0x00000000c5580000)
 PSPermGen       total 21504K, used 20351K [0x00000000b5a00000, 0x00000000b6f00000, 0x00000000c0000000)
  object space 21504K, 94% used [0x00000000b5a00000,0x00000000b6ddff78,0x00000000b6f00000)
Event: 289.143 GC heap after
Heap after GC invocations=10 (full 0):
 PSYoungGen      total 275456K, used 43500K [0x00000000eaa80000, 0x0000000100000000, 0x0000000100000000)
  eden space 231936K, 0% used [0x00000000eaa80000,0x00000000eaa80000,0x00000000f8d00000)
  from space 43520K, 99% used [0x00000000fd580000,0x00000000ffffb060,0x0000000100000000)
  to   space 58880K, 0% used [0x00000000f8d00000,0x00000000f8d00000,0x00000000fc680000)
 ParOldGen       total 87552K, used 81962K [0x00000000c0000000, 0x00000000c5580000, 0x00000000eaa80000)
  object space 87552K, 93% used [0x00000000c0000000,0x00000000c500a960,0x00000000c5580000)
 PSPermGen       total 21504K, used 20351K [0x00000000b5a00000, 0x00000000b6f00000, 0x00000000c0000000)
  object space 21504K, 94% used [0x00000000b5a00000,0x00000000b6ddff78,0x00000000b6f00000)
}
Event: 289.143 GC heap before
{Heap before GC invocations=11 (full 1):
 PSYoungGen      total 275456K, used 43500K [0x00000000eaa80000, 0x0000000100000000, 0x0000000100000000)
  eden space 231936K, 0% used [0x00000000eaa80000,0x00000000eaa80000,0x00000000f8d00000)
  from space 43520K, 99% used [0x00000000fd580000,0x00000000ffffb060,0x0000000100000000)
  to   space 58880K, 0% used [0x00000000f8d00000,0x00000000f8d00000,0x00000000fc680000)
 ParOldGen       total 87552K, used 81962K [0x00000000c0000000, 0x00000000c5580000, 0x00000000eaa80000)
  object space 87552K, 93% used [0x00000000c0000000,0x00000000c500a960,0x00000000c5580000)
 PSPermGen       total 21504K, used 20351K [0x00000000b5a00000, 0x00000000b6f00000, 0x00000000c0000000)
  object space 21504K, 94% used [0x00000000b5a00000,0x00000000b6ddff78,0x00000000b6f00000)

