# JRE version: OpenJDK Runtime Environment (7.0_55-b14) (build 1.7.0_55-b14)
# Java VM: OpenJDK 64-Bit Server VM (24.51-b03 mixed mode linux-amd64 compressed oops)
Heap
 PSYoungGen      total 281600K, used 26273K [0x00000000eaa80000, 0x00000000ff280000, 0x0000000100000000)
  eden space 227328K, 0% used [0x00000000eaa80000,0x00000000eaa80000,0x00000000f8880000)
  from space 54272K, 48% used [0x00000000f8880000,0x00000000fa2285f0,0x00000000fbd80000)
  to   space 50176K, 0% used [0x00000000fc180000,0x00000000fc180000,0x00000000ff280000)
 ParOldGen       total 211456K, used 150941K [0x00000000c0000000, 0x00000000cce80000, 0x00000000eaa80000)
  object space 211456K, 71% used [0x00000000c0000000,0x00000000c9367760,0x00000000cce80000)
 PSPermGen       total 43008K, used 22471K [0x00000000b5a00000, 0x00000000b8400000, 0x00000000c0000000)
  object space 43008K, 52% used [0x00000000b5a00000,0x00000000b6ff1e70,0x00000000b8400000)
GC Heap History (10 events):
Event: 1597.068 GC heap after
Heap after GC invocations=28 (full 3):
 PSYoungGen      total 203776K, used 26981K [0x00000000eaa80000, 0x00000000fce80000, 0x0000000100000000)
  eden space 145408K, 0% used [0x00000000eaa80000,0x00000000eaa80000,0x00000000f3880000)
  from space 58368K, 46% used [0x00000000f3880000,0x00000000f52d9460,0x00000000f7180000)
  to   space 56320K, 0% used [0x00000000f9780000,0x00000000f9780000,0x00000000fce80000)
 ParOldGen       total 178176K, used 132910K [0x00000000c0000000, 0x00000000cae00000, 0x00000000eaa80000)
  object space 178176K, 74% used [0x00000000c0000000,0x00000000c81cbb38,0x00000000cae00000)
 PSPermGen       total 43520K, used 20809K [0x00000000b5a00000, 0x00000000b8480000, 0x00000000c0000000)
  object space 43520K, 47% used [0x00000000b5a00000,0x00000000b6e52498,0x00000000b8480000)
}
Event: 1736.608 GC heap before
{Heap before GC invocations=29 (full 3):
 PSYoungGen      total 203776K, used 172389K [0x00000000eaa80000, 0x00000000fce80000, 0x0000000100000000)
  eden space 145408K, 100% used [0x00000000eaa80000,0x00000000f3880000,0x00000000f3880000)
  from space 58368K, 46% used [0x00000000f3880000,0x00000000f52d9460,0x00000000f7180000)
  to   space 56320K, 0% used [0x00000000f9780000,0x00000000f9780000,0x00000000fce80000)
 ParOldGen       total 178176K, used 132910K [0x00000000c0000000, 0x00000000cae00000, 0x00000000eaa80000)
  object space 178176K, 74% used [0x00000000c0000000,0x00000000c81cbb38,0x00000000cae00000)
 PSPermGen       total 43520K, used 20824K [0x00000000b5a00000, 0x00000000b8480000, 0x00000000c0000000)
  object space 43520K, 47% used [0x00000000b5a00000,0x00000000b6e562e0,0x00000000b8480000)
Event: 1736.797 GC heap after
Heap after GC invocations=29 (full 3):
 PSYoungGen      total 241664K, used 15844K [0x00000000eaa80000, 0x00000000fce80000, 0x0000000100000000)
  eden space 185344K, 0% used [0x00000000eaa80000,0x00000000eaa80000,0x00000000f5f80000)
  from space 56320K, 28% used [0x00000000f9780000,0x00000000fa6f9000,0x00000000fce80000)
  to   space 56832K, 0% used [0x00000000f5f80000,0x00000000f5f80000,0x00000000f9700000)
 ParOldGen       total 178176K, used 159788K [0x00000000c0000000, 0x00000000cae00000, 0x00000000eaa80000)
  object space 178176K, 89% used [0x00000000c0000000,0x00000000c9c0b208,0x00000000cae00000)
 PSPermGen       total 43520K, used 20824K [0x00000000b5a00000, 0x00000000b8480000, 0x00000000c0000000)
  object space 43520K, 47% used [0x00000000b5a00000,0x00000000b6e562e0,0x00000000b8480000)
}
Event: 1736.797 GC heap before
{Heap before GC invocations=30 (full 4):
 PSYoungGen      total 241664K, used 15844K [0x00000000eaa80000, 0x00000000fce80000, 0x0000000100000000)
  eden space 185344K, 0% used [0x00000000eaa80000,0x00000000eaa80000,0x00000000f5f80000)
  from space 56320K, 28% used [0x00000000f9780000,0x00000000fa6f9000,0x00000000fce80000)
  to   space 56832K, 0% used [0x00000000f5f80000,0x00000000f5f80000,0x00000000f9700000)
 ParOldGen       total 178176K, used 159788K [0x00000000c0000000, 0x00000000cae00000, 0x00000000eaa80000)
  object space 178176K, 89% used [0x00000000c0000000,0x00000000c9c0b208,0x00000000cae00000)
 PSPermGen       total 43520K, used 20824K [0x00000000b5a00000, 0x00000000b8480000, 0x00000000c0000000)
  object space 43520K, 47% used [0x00000000b5a00000,0x00000000b6e562e0,0x00000000b8480000)
Event: 1738.388 GC heap after
Heap after GC invocations=30 (full 4):
 PSYoungGen      total 241664K, used 0K [0x00000000eaa80000, 0x00000000fce80000, 0x0000000100000000)
  eden space 185344K, 0% used [0x00000000eaa80000,0x00000000eaa80000,0x00000000f5f80000)
  from space 56320K, 0% used [0x00000000f9780000,0x00000000f9780000,0x00000000fce80000)
  to   space 56832K, 0% used [0x00000000f5f80000,0x00000000f5f80000,0x00000000f9700000)
 ParOldGen       total 211456K, used 129093K [0x00000000c0000000, 0x00000000cce80000, 0x00000000eaa80000)
  object space 211456K, 61% used [0x00000000c0000000,0x00000000c7e11620,0x00000000cce80000)
 PSPermGen       total 43008K, used 20081K [0x00000000b5a00000, 0x00000000b8400000, 0x00000000c0000000)
  object space 43008K, 46% used [0x00000000b5a00000,0x00000000b6d9c730,0x00000000b8400000)
}
Event: 1871.150 GC heap before
{Heap before GC invocations=31 (full 4):
 PSYoungGen      total 241664K, used 184898K [0x00000000eaa80000, 0x00000000fce80000, 0x0000000100000000)
  eden space 185344K, 99% used [0x00000000eaa80000,0x00000000f5f10a40,0x00000000f5f80000)
  from space 56320K, 0% used [0x00000000f9780000,0x00000000f9780000,0x00000000fce80000)
  to   space 56832K, 0% used [0x00000000f5f80000,0x00000000f5f80000,0x00000000f9700000)
 ParOldGen       total 211456K, used 129093K [0x00000000c0000000, 0x00000000cce80000, 0x00000000eaa80000)
  object space 211456K, 61% used [0x00000000c0000000,0x00000000c7e11620,0x00000000cce80000)
 PSPermGen       total 43008K, used 20903K [0x00000000b5a00000, 0x00000000b8400000, 0x00000000c0000000)
  object space 43008K, 48% used [0x00000000b5a00000,0x00000000b6e69c38,0x00000000b8400000)
Event: 1871.243 GC heap after
Heap after GC invocations=31 (full 4):
 PSYoungGen      total 242176K, used 19436K [0x00000000eaa80000, 0x00000000ff800000, 0x0000000100000000)
  eden space 185344K, 0% used [0x00000000eaa80000,0x00000000eaa80000,0x00000000f5f80000)
  from space 56832K, 34% used [0x00000000f5f80000,0x00000000f727b308,0x00000000f9700000)
  to   space 55808K, 0% used [0x00000000fc180000,0x00000000fc180000,0x00000000ff800000)
 ParOldGen       total 211456K, used 129093K [0x00000000c0000000, 0x00000000cce80000, 0x00000000eaa80000)
  object space 211456K, 61% used [0x00000000c0000000,0x00000000c7e11620,0x00000000cce80000)
 PSPermGen       total 43008K, used 20903K [0x00000000b5a00000, 0x00000000b8400000, 0x00000000c0000000)
  object space 43008K, 48% used [0x00000000b5a00000,0x00000000b6e69c38,0x00000000b8400000)
}
Event: 2041.472 GC heap before
{Heap before GC invocations=32 (full 4):
 PSYoungGen      total 242176K, used 204780K [0x00000000eaa80000, 0x00000000ff800000, 0x0000000100000000)
  eden space 185344K, 100% used [0x00000000eaa80000,0x00000000f5f80000,0x00000000f5f80000)
  from space 56832K, 34% used [0x00000000f5f80000,0x00000000f727b308,0x00000000f9700000)
  to   space 55808K, 0% used [0x00000000fc180000,0x00000000fc180000,0x00000000ff800000)
 ParOldGen       total 211456K, used 129093K [0x00000000c0000000, 0x00000000cce80000, 0x00000000eaa80000)
  object space 211456K, 61% used [0x00000000c0000000,0x00000000c7e11620,0x00000000cce80000)
 PSPermGen       total 43008K, used 21666K [0x00000000b5a00000, 0x00000000b8400000, 0x00000000c0000000)
  object space 43008K, 50% used [0x00000000b5a00000,0x00000000b6f28928,0x00000000b8400000)
Event: 2041.683 GC heap after
Heap after GC invocations=32 (full 4):
 PSYoungGen      total 277504K, used 21009K [0x00000000eaa80000, 0x00000000ff280000, 0x0000000100000000)
  eden space 227328K, 0% used [0x00000000eaa80000,0x00000000eaa80000,0x00000000f8880000)
  from space 50176K, 41% used [0x00000000fc180000,0x00000000fd6046c0,0x00000000ff280000)
  to   space 54272K, 0% used [0x00000000f8880000,0x00000000f8880000,0x00000000fbd80000)
 ParOldGen       total 211456K, used 145309K [0x00000000c0000000, 0x00000000cce80000, 0x00000000eaa80000)
  object space 211456K, 68% used [0x00000000c0000000,0x00000000c8de7668,0x00000000cce80000)
 PSPermGen       total 43008K, used 21666K [0x00000000b5a00000, 0x00000000b8400000, 0x00000000c0000000)
  object space 43008K, 50% used [0x00000000b5a00000,0x00000000b6f28928,0x00000000b8400000)
}
Event: 2248.629 GC heap before
{Heap before GC invocations=33 (full 4):
 PSYoungGen      total 277504K, used 248337K [0x00000000eaa80000, 0x00000000ff280000, 0x0000000100000000)
  eden space 227328K, 100% used [0x00000000eaa80000,0x00000000f8880000,0x00000000f8880000)
  from space 50176K, 41% used [0x00000000fc180000,0x00000000fd6046c0,0x00000000ff280000)
  to   space 54272K, 0% used [0x00000000f8880000,0x00000000f8880000,0x00000000fbd80000)
 ParOldGen       total 211456K, used 145309K [0x00000000c0000000, 0x00000000cce80000, 0x00000000eaa80000)
  object space 211456K, 68% used [0x00000000c0000000,0x00000000c8de7668,0x00000000cce80000)
 PSPermGen       total 43008K, used 22471K [0x00000000b5a00000, 0x00000000b8400000, 0x00000000c0000000)
  object space 43008K, 52% used [0x00000000b5a00000,0x00000000b6ff1e70,0x00000000b8400000)

